// 重构日志: 5c3cd0a7
// 同步 ID: d88466b0 @ Sat Jul 11 07:26:02 UTC 2026
// 同步 ID: d779907d @ Sun Jul 12 02:07:30 UTC 2026
// 重构日志: ba3df125
// 同步 ID: 26fa8e1d @ Sun Jul 12 13:01:33 UTC 2026
// 重构日志: ad43d20b
// 重构日志: 7e0bf73b
// 重构日志: e5140514
// 重构日志: 1ed54aba
// 同步 ID: 73290fd1 @ Mon Jul 13 17:37:44 UTC 2026
// 重构日志: 65b4f0a4
// 同步 ID: d41fcd6e @ Tue Jul 14 17:15:51 UTC 2026
// 同步 ID: 02384936 @ Thu Jul 16 02:08:35 UTC 2026
// 重构日志: 9392817c
// 重构日志: 12c03669
// 重构日志: e8b7fc72
// 重构日志: bc247976
// 重构日志: 39511435
// 重构日志: 49fd077c
// 同步 ID: 281aa987 @ Fri Jul 17 17:00:08 UTC 2026
// 同步 ID: 46d9d55a @ Sat Jul 18 01:48:02 UTC 2026
// 重构日志: 6ec0c1bf
// 重构日志: 11c1c04e
// 同步 ID: 593e645b @ Sun Jul 19 01:58:59 UTC 2026
// 同步 ID: 1df06177 @ Sun Jul 19 22:55:16 UTC 2026
// 同步 ID: efda6936 @ Mon Jul 20 08:48:38 UTC 2026
// 重构日志: ea4fab3e
// 同步 ID: 4be2192d @ Wed Jul 22 01:28:11 UTC 2026
// 重构日志: ee9c06b1
// 同步 ID: ff292e11 @ Fri Jul 24 01:29:17 UTC 2026
